System.out.println("<!DOCTYPE>");
System.out.println("<html>");
System.out.println("<head>");
System.out.println("    <link rel=\"stylesheet\" type=\"text/css\" href=\"Kalender.css\">");
System.out.println("</head>");
System.out.println("<body>");
System.out.println("<div class=\"wrapper\">");
System.out.println("    <div class=\"container-calendar\">");
System.out.println("        <h3 id=\"monthAndYear\"></h3>");
System.out.println("        <div class=\"button-container-calendar\">");
System.out.println("            <button id=\"previous\" onclick=\"previous()\">&#8249;</button>");
System.out.println("            <button id=\"next\" onclick=\"next()\">&#8250;</button>");
System.out.println("        </div>");
System.out.println("        <table class=\"table-calendar\" id=\"calendar\" data-lang=\"en\">");
System.out.println("            <thead id=\"thead-month\"></thead>");
System.out.println("            <tbody id=\"calendar-body\"></tbody>");
System.out.println("        </table>");
System.out.println("");
System.out.println("        <div class=\"footer-container-calendar\">");
System.out.println("            <label for=\"month\">Jump To: </label>");
System.out.println("            <select id=\"month\" onchange=\"jump()\">");
System.out.println("                <option value=0>Jan</option>");
System.out.println("                <option value=1>Feb</option>");
System.out.println("                <option value=2>Mar</option>");
System.out.println("                <option value=3>Apr</option>");
System.out.println("                <option value=4>May</option>");
System.out.println("                <option value=5>Jun</option>");
System.out.println("                <option value=6>Jul</option>");
System.out.println("                <option value=7>Aug</option>");
System.out.println("                <option value=8>Sep</option>");
System.out.println("                <option value=9>Oct</option>");
System.out.println("                <option value=10>Nov</option>");
System.out.println("                <option value=11>Dec</option>");
System.out.println("            </select>");
System.out.println("            <select id=\"year\" onchange=\"jump()\"></select>");
System.out.println("        </div>");
System.out.println("    </div>");
System.out.println("");
System.out.println("</div>");
System.out.println("<div id=\"aftaler\" >");
System.out.println("    <h2 id=\" aftaler\"> Bestilling af hospital og afdeling</h2>");
System.out.println("    <br>");
System.out.println("    <label>Hospital:");
System.out.println("        <select>");
System.out.println("            <option>Vælg hospital</option>");
System.out.println("            <option> Rigshospital</option>");
System.out.println("            <option> Hillerød hospital</option>");
System.out.println("            <option> Hvidovre hospital </option>");
System.out.println("            <option> Roskilde hospital</option>");
System.out.println("            <option> Herlev hospital </option>");
System.out.println("            <option> Holbæk hospital </option>");
System.out.println("            <option> Køge hospital </option>");
System.out.println("            <option> Glostrup hospital </option>");
System.out.println("            <option> Gentofte hospital </option>");
System.out.println("        </select>");
System.out.println("    </label>");
System.out.println("    <br><br>");
System.out.println("    <label>Afdeling:");
System.out.println("        <select>");
System.out.println("            <option>Vælg afdeling</option>");
System.out.println("            <option>Barselsafsnittet</option>");
System.out.println("            <option>Blodbanken, Donortapning</option>");
System.out.println("            <option>Prøvetagningsambulatorier</option>");
System.out.println("            <option>Børne- og Ungeafdelingen</option>");
System.out.println("            <option>Endokrinologisk Afdeling</option>");
System.out.println("            <option>Fødemodtagelsen</option>");
System.out.println("            <option>Gynækologisk Afdeling</option>");
System.out.println("            <option>Kardiologisk Afdeling</option>");
System.out.println("            <option>Radiologisk Sektion</option>");
System.out.println("            <option>Svangreafsnittet</option>");
System.out.println("            <option>Svangreambulatoriet</option>");
System.out.println("            <option>Ultralydklinikken</option>");
System.out.println("        </select></label>");
System.out.println("    <h3> Vælg af tid og dato</h3>");
System.out.println("");
System.out.println("    <label for=\"dato\">Dato:</label>");
System.out.println("");
System.out.println("    <input type=\"date\" id = \"dato\" name=\"date\" min=\"2020-11\" max=\"2025-12\"/>");
System.out.println("");
System.out.println("");
System.out.println("    <label for=\"appt\">tid:</label>");
System.out.println("    <input type=\"time\" id=\"appt\" name=\"appt\"");
System.out.println("           min=\"07:00\" max=\"18:00\" required>");
System.out.println("    <br> <br>");
System.out.println("");
System.out.println("    <div class=\"form-inline\">");
System.out.println("        <button class=\"btn btn-outline-primary col-sm-6\" id=\"Tidsbestilling\" onclick>Tidsbestilling</button>");
System.out.println("    </div>");
System.out.println("</div>");
System.out.println("<script src=\"Kalender.js\" type=\"text/javascript\"></script>");
System.out.println("</body>");
System.out.println("</html>");
